<?xml version="1.0" encoding="UTF-8"?>
<!-- Generated by org.testng.reporters.JUnitReportReporter -->
<testsuite hostname="b9daff58c6a85ae" failures="0" tests="1" name="ustbatchno3.TestNG.AppTest" time="0.019" errors="0" timestamp="2023-03-13T10:46:49 IST" skipped="0">
  <testcase classname="ustbatchno3.TestNG.AppTest" name="employeetest" time="0.019"/>
  <system-out/>
</testsuite> <!-- ustbatchno3.TestNG.AppTest -->
