<?xml version="1.0" encoding="UTF-8"?>
<!-- Generated by org.testng.reporters.JUnitReportReporter -->
<testsuite hostname="b9daff58c6a85ae" failures="0" tests="1" name="ustbatchno3.TestNG.Vishwasamudratest" time="0.018" errors="0" timestamp="2023-03-14T09:30:08 IST" skipped="0">
  <testcase classname="ustbatchno3.TestNG.Vishwasamudratest" name="vishwatest" time="0.018"/>
  <system-out/>
</testsuite> <!-- ustbatchno3.TestNG.Vishwasamudratest -->
